0 info it worked if it ends with ok
1 verbose cli [ 'C:\\Program Files\\nodejs\\node.exe',
1 verbose cli   'C:\\Program Files\\nodejs\\node_modules\\npm\\bin\\npm-cli.js',
1 verbose cli   'run',
1 verbose cli   'gulp',
1 verbose cli   'autoprefixFun' ]
2 info using npm@3.6.0
3 info using node@v5.6.0
4 verbose run-script [ 'pregulp', 'gulp', 'postgulp' ]
5 info lifecycle tuandai-act-gulp4@1.0.0~pregulp: tuandai-act-gulp4@1.0.0
6 silly lifecycle tuandai-act-gulp4@1.0.0~pregulp: no script for pregulp, continuing
7 info lifecycle tuandai-act-gulp4@1.0.0~gulp: tuandai-act-gulp4@1.0.0
8 verbose lifecycle tuandai-act-gulp4@1.0.0~gulp: unsafe-perm in lifecycle true
9 verbose lifecycle tuandai-act-gulp4@1.0.0~gulp: PATH: C:\Program Files\nodejs\node_modules\npm\bin\node-gyp-bin;D:\Git\tuandai-act-gulp4\node_modules\.bin;C:\Program Files (x86)\Intel\iCLS Client\;C:\Program Files\Intel\iCLS Client\;C:\WINDOWS\system32;C:\WINDOWS;C:\WINDOWS\System32\Wbem;C:\WINDOWS\System32\WindowsPowerShell\v1.0\;C:\Program Files\Intel\Intel(R) Management Engine Components\DAL;C:\Program Files\Intel\Intel(R) Management Engine Components\IPT;C:\Program Files (x86)\Intel\Intel(R) Management Engine Components\DAL;C:\Program Files (x86)\Intel\Intel(R) Management Engine Components\IPT;C:\Program Files (x86)\Common Files\Acronis\SnapAPI\;C:\Program Files\TortoiseSVN\bin;C:\Program Files\nodejs\;C:\Ruby22-x64\bin;D:\Git\cmd;C:\Program Files\TortoiseGit\bin;C:\Users\TD\AppData\Roaming\npm;%USERPROFILE%\AppData\Local\Microsoft\WindowsApps
10 verbose lifecycle tuandai-act-gulp4@1.0.0~gulp: CWD: D:\Git\tuandai-act-gulp4
11 silly lifecycle tuandai-act-gulp4@1.0.0~gulp: Args: [ '/d /s /c',
11 silly lifecycle   'node ./node_modules/gulp/bin/gulp.js "autoprefixFun"' ]
12 silly lifecycle tuandai-act-gulp4@1.0.0~gulp: Returned: code: 1  signal: null
13 info lifecycle tuandai-act-gulp4@1.0.0~gulp: Failed to exec gulp script
14 verbose stack Error: tuandai-act-gulp4@1.0.0 gulp: `node ./node_modules/gulp/bin/gulp.js "autoprefixFun"`
14 verbose stack Exit status 1
14 verbose stack     at EventEmitter.<anonymous> (C:\Program Files\nodejs\node_modules\npm\lib\utils\lifecycle.js:232:16)
14 verbose stack     at emitTwo (events.js:100:13)
14 verbose stack     at EventEmitter.emit (events.js:185:7)
14 verbose stack     at ChildProcess.<anonymous> (C:\Program Files\nodejs\node_modules\npm\lib\utils\spawn.js:24:14)
14 verbose stack     at emitTwo (events.js:100:13)
14 verbose stack     at ChildProcess.emit (events.js:185:7)
14 verbose stack     at maybeClose (internal/child_process.js:827:16)
14 verbose stack     at Process.ChildProcess._handle.onexit (internal/child_process.js:211:5)
15 verbose pkgid tuandai-act-gulp4@1.0.0
16 verbose cwd D:\Git\tuandai-act-gulp4\activity
17 error Windows_NT 10.0.14393
18 error argv "C:\\Program Files\\nodejs\\node.exe" "C:\\Program Files\\nodejs\\node_modules\\npm\\bin\\npm-cli.js" "run" "gulp" "autoprefixFun"
19 error node v5.6.0
20 error npm  v3.6.0
21 error code ELIFECYCLE
22 error tuandai-act-gulp4@1.0.0 gulp: `node ./node_modules/gulp/bin/gulp.js "autoprefixFun"`
22 error Exit status 1
23 error Failed at the tuandai-act-gulp4@1.0.0 gulp script 'node ./node_modules/gulp/bin/gulp.js "autoprefixFun"'.
23 error Make sure you have the latest version of node.js and npm installed.
23 error If you do, this is most likely a problem with the tuandai-act-gulp4 package,
23 error not with npm itself.
23 error Tell the author that this fails on your system:
23 error     node ./node_modules/gulp/bin/gulp.js "autoprefixFun"
23 error You can get information on how to open an issue for this project with:
23 error     npm bugs tuandai-act-gulp4
23 error Or if that isn't available, you can get their info via:
23 error     npm owner ls tuandai-act-gulp4
23 error There is likely additional logging output above.
24 verbose exit [ 1, true ]
